<?xml version="1.0" encoding="UTF-8"?>
<testsuite xmlns:xsi="http://www.w3.org/2001/XMLSchema-instance" xsi:noNamespaceSchemaLocation="https://maven.apache.org/surefire/maven-surefire-plugin/xsd/surefire-test-report-3.0.xsd" version="3.0" name="hello.CalculatorControllerTests" time="3.777" tests="1" errors="0" skipped="0" failures="0">
  <properties>
[...]
</properties>
  <testcase name="testSuccess" classname="hello.CalculatorControllerTests" time="1.064">
    <system-out><![CDATA[18:10:19.099 [main] INFO org.springframework.test.context.support.AnnotationConfigContextLoaderUtils -- Could not detect default configuration classes for test class [hello.CalculatorControllerTests]: CalculatorControllerTests does not declare any static, non-private, non-final, nested classes annotated with @Configuration.
18:10:19.240 [main] INFO org.springframework.boot.test.context.SpringBootTestContextBootstrapper -- Found @SpringBootConfiguration hello.Application for test class hello.CalculatorControllerTests
  .   ____          _            __ _ _
 /\\ / ___'_ __ _ _(_)_ __  __ _ \ \ \ \
( ( )\___ | '_ | '_| | '_ \/ _` | \ \ \ \
 \\/  ___)| |_)| | | | | || (_| |  ) ) ) )
  '  |____| .__|_| |_|_| |_\__, | / / / /
 =========|_|==============|___/=/_/_/_/

 :: Spring Boot ::                (v3.3.0)

2025-10-25T18:10:19.744+03:00  INFO 4072 --- [testLatticeApp] [           main] hello.CalculatorControllerTests          : Starting CalculatorControllerTests using Java 17.0.16 with PID 4072 (started by khoroleets in /home/khoroleets/gs-spring-boot-docker/complete)
2025-10-25T18:10:19.747+03:00  INFO 4072 --- [testLatticeApp] [           main] hello.CalculatorControllerTests          : No active profile set, falling back to 1 default profile: "default"
2025-10-25T18:10:20.942+03:00  INFO 4072 --- [testLatticeApp] [           main] o.s.b.w.embedded.tomcat.TomcatWebServer  : Tomcat initialized with port 0 (http)
2025-10-25T18:10:20.956+03:00  INFO 4072 --- [testLatticeApp] [           main] o.apache.catalina.core.StandardService   : Starting service [Tomcat]
2025-10-25T18:10:20.957+03:00  INFO 4072 --- [testLatticeApp] [           main] o.apache.catalina.core.StandardEngine    : Starting Servlet engine: [Apache Tomcat/10.1.24]
2025-10-25T18:10:21.038+03:00  INFO 4072 --- [testLatticeApp] [           main] o.a.c.c.C.[Tomcat].[localhost].[/]       : Initializing Spring embedded WebApplicationContext
2025-10-25T18:10:21.039+03:00  INFO 4072 --- [testLatticeApp] [           main] w.s.c.ServletWebServerApplicationContext : Root WebApplicationContext: initialization completed in 1264 ms
2025-10-25T18:10:21.606+03:00  INFO 4072 --- [testLatticeApp] [           main] o.s.b.w.embedded.tomcat.TomcatWebServer  : Tomcat started on port 46585 (http) with context path '/'
2025-10-25T18:10:21.618+03:00  INFO 4072 --- [testLatticeApp] [           main] hello.CalculatorControllerTests          : Started CalculatorControllerTests in 2.216 seconds (process running for 3.344)
2025-10-25T18:10:22.587+03:00  INFO 4072 --- [testLatticeApp] [o-auto-1-exec-1] o.a.c.c.C.[Tomcat].[localhost].[/]       : Initializing Spring DispatcherServlet 'dispatcherServlet'
2025-10-25T18:10:22.588+03:00  INFO 4072 --- [testLatticeApp] [o-auto-1-exec-1] o.s.web.servlet.DispatcherServlet        : Initializing Servlet 'dispatcherServlet'
2025-10-25T18:10:22.589+03:00  INFO 4072 --- [testLatticeApp] [o-auto-1-exec-1] o.s.web.servlet.DispatcherServlet        : Completed initialization in 1 ms
]]></system-out>
  </testcase>
</testsuite>