<?xml version="1.0" encoding="UTF-8"?>
<testsuite xmlns:xsi="http://www.w3.org/2001/XMLSchema-instance" xsi:noNamespaceSchemaLocation="https://maven.apache.org/surefire/maven-surefire-plugin/xsd/surefire-test-report-3.0.xsd" version="3.0" name="hello.CalculatorControllerTests" time="4.405" tests="1" errors="0" skipped="0" failures="0">
  <properties>
[...]
</properties>
  <testcase name="testSuccess" classname="hello.CalculatorControllerTests" time="1.289">
    <system-out><![CDATA[17:26:08.827 [main] INFO org.springframework.test.context.support.AnnotationConfigContextLoaderUtils -- Could not detect default configuration classes for test class [hello.CalculatorControllerTests]: CalculatorControllerTests does not declare any static, non-private, non-final, nested classes annotated with @Configuration.
17:26:08.991 [main] INFO org.springframework.boot.test.context.SpringBootTestContextBootstrapper -- Found @SpringBootConfiguration hello.Application for test class hello.CalculatorControllerTests
  .   ____          _            __ _ _
 /\\ / ___'_ __ _ _(_)_ __  __ _ \ \ \ \
( ( )\___ | '_ | '_| | '_ \/ _` | \ \ \ \
 \\/  ___)| |_)| | | | | || (_| |  ) ) ) )
  '  |____| .__|_| |_|_| |_\__, | / / / /
 =========|_|==============|___/=/_/_/_/

 :: Spring Boot ::                (v3.3.0)

2025-10-24T17:26:09.648+03:00  INFO 16495 --- [testLatticeApp] [           main] hello.CalculatorControllerTests          : Starting CalculatorControllerTests using Java 17.0.16 with PID 16495 (started by khoroleets in /home/khoroleets/gs-spring-boot-docker/complete)
2025-10-24T17:26:09.650+03:00  INFO 16495 --- [testLatticeApp] [           main] hello.CalculatorControllerTests          : No active profile set, falling back to 1 default profile: "default"
2025-10-24T17:26:11.108+03:00  INFO 16495 --- [testLatticeApp] [           main] o.s.b.w.embedded.tomcat.TomcatWebServer  : Tomcat initialized with port 0 (http)
2025-10-24T17:26:11.121+03:00  INFO 16495 --- [testLatticeApp] [           main] o.apache.catalina.core.StandardService   : Starting service [Tomcat]
2025-10-24T17:26:11.122+03:00  INFO 16495 --- [testLatticeApp] [           main] o.apache.catalina.core.StandardEngine    : Starting Servlet engine: [Apache Tomcat/10.1.24]
2025-10-24T17:26:11.187+03:00  INFO 16495 --- [testLatticeApp] [           main] o.a.c.c.C.[Tomcat].[localhost].[/]       : Initializing Spring embedded WebApplicationContext
2025-10-24T17:26:11.189+03:00  INFO 16495 --- [testLatticeApp] [           main] w.s.c.ServletWebServerApplicationContext : Root WebApplicationContext: initialization completed in 1490 ms
2025-10-24T17:26:11.723+03:00  INFO 16495 --- [testLatticeApp] [           main] o.s.b.w.embedded.tomcat.TomcatWebServer  : Tomcat started on port 44569 (http) with context path '/'
2025-10-24T17:26:11.737+03:00  INFO 16495 --- [testLatticeApp] [           main] hello.CalculatorControllerTests          : Started CalculatorControllerTests in 2.541 seconds (process running for 3.984)
2025-10-24T17:26:12.910+03:00  INFO 16495 --- [testLatticeApp] [o-auto-1-exec-1] o.a.c.c.C.[Tomcat].[localhost].[/]       : Initializing Spring DispatcherServlet 'dispatcherServlet'
2025-10-24T17:26:12.910+03:00  INFO 16495 --- [testLatticeApp] [o-auto-1-exec-1] o.s.web.servlet.DispatcherServlet        : Initializing Servlet 'dispatcherServlet'
2025-10-24T17:26:12.912+03:00  INFO 16495 --- [testLatticeApp] [o-auto-1-exec-1] o.s.web.servlet.DispatcherServlet        : Completed initialization in 2 ms
]]></system-out>
  </testcase>
</testsuite>